<?xml version="1.0" encoding="UTF-8"?>
<!-- Generated by org.testng.reporters.JUnitXMLReporter -->
<testsuite hostname="santoshlavanya" name="Smokescenario" tests="5" failures="0" timestamp="13 Apr 2018 09:13:14 GMT" time="71.445" errors="0">
  <testcase name="testloginpage" time="0.567" classname="testcases.Verifyloginpagewithreports"/>
  <testcase name="testcurrencytable" time="0.371" classname="testcases.Verifycurrencytable"/>
  <testcase name="testhomepage" time="0.337" classname="testcases.Verifyhomepagewithreports"/>
  <testcase name="testhomepage" time="0.012" classname="testcases.Verifyhomepage"/>
  <testcase name="testloginpage" time="0.343" classname="testcases.Verifyloginpage"/>
</testsuite> <!-- Smokescenario -->
